SF:lib\chat_page_controller.dart
DA:9,1
DA:11,1
DA:13,3
DA:15,2
DA:16,3
DA:17,0
DA:18,0
LF:7
LH:5
end_of_record
SF:lib\chat_page_controller.g.dart
DA:9,1
DA:14,0
DA:16,1
DA:18,2
DA:20,4
DA:21,2
DA:24,1
DA:26,4
DA:28,2
DA:29,4
DA:49,1
DA:52,1
DA:55,1
DA:60,1
DA:64,1
DA:65,1
DA:71,1
DA:76,1
DA:80,1
DA:88,1
DA:90,1
DA:91,3
DA:105,1
DA:107,4
DA:110,1
DA:112,3
DA:113,3
DA:115,1
DA:118,1
DA:122,1
DA:123,1
LF:31
LH:30
end_of_record
SF:lib\chat_page_state.dart
DA:4,2
DA:6,1
DA:7,2
DA:10,1
DA:14,4
DA:17,1
DA:18,2
LF:7
LH:7
end_of_record
SF:lib\home_page_controller.dart
DA:11,1
DA:13,1
DA:16,1
DA:17,1
DA:18,4
DA:19,3
DA:20,1
DA:21,6
LF:8
LH:8
end_of_record
SF:lib\home_page_controller.g.dart
DA:9,1
DA:14,0
DA:16,1
DA:18,2
DA:20,4
DA:21,2
DA:24,1
DA:26,4
DA:28,2
DA:29,4
DA:49,1
DA:52,1
DA:55,1
DA:60,1
DA:64,1
DA:65,1
DA:71,1
DA:76,1
DA:80,1
DA:88,1
DA:90,1
DA:91,3
DA:105,1
DA:107,4
DA:110,1
DA:112,3
DA:113,3
DA:115,1
DA:118,1
DA:122,1
DA:123,1
LF:31
LH:30
end_of_record
SF:lib\home_page_state.dart
DA:7,2
DA:9,1
DA:10,2
DA:13,1
DA:14,2
LF:5
LH:5
end_of_record
SF:lib\models.dart
DA:6,1
DA:8,1
DA:9,1
DA:10,1
DA:11,1
DA:12,1
LF:6
LH:6
end_of_record
SF:lib\providers.g.dart
DA:9,1
DA:13,0
DA:15,1
DA:17,2
DA:19,4
DA:20,2
DA:23,1
DA:25,4
DA:27,2
DA:28,4
DA:41,1
DA:44,1
DA:47,1
DA:52,0
DA:56,0
DA:57,0
DA:63,0
DA:68,0
DA:72,0
DA:79,1
DA:81,1
DA:82,2
DA:96,1
DA:98,4
DA:101,1
DA:103,3
DA:104,3
DA:106,1
LF:28
LH:21
end_of_record
SF:lib\providers.dart
DA:5,1
DA:9,1
LF:2
LH:2
end_of_record
SF:lib\repositories.dart
DA:8,1
DA:9,1
DA:10,1
DA:14,1
DA:16,1
LF:5
LH:5
end_of_record
SF:lib\repositories.g.dart
DA:9,1
DA:13,3
LF:2
LH:2
end_of_record
SF:lib\sample.dart
DA:3,3
LF:1
LH:1
end_of_record
SF:lib\whatever_controller.g.dart
DA:9,0
DA:14,0
DA:16,1
DA:18,2
DA:20,4
DA:21,2
DA:24,1
DA:26,4
DA:28,2
DA:29,4
DA:49,1
DA:52,0
DA:55,0
DA:60,0
DA:64,0
DA:65,0
DA:71,0
DA:76,0
DA:80,0
DA:88,0
DA:90,0
DA:91,0
DA:105,0
DA:107,0
DA:110,0
DA:112,0
DA:113,0
DA:115,0
DA:118,0
DA:122,0
DA:123,0
DA:128,1
DA:147,1
DA:150,1
DA:153,1
DA:158,0
DA:162,0
DA:163,0
DA:169,0
DA:174,0
DA:178,0
DA:186,1
DA:188,1
DA:189,3
DA:203,1
DA:205,4
DA:208,1
DA:210,3
DA:211,3
DA:213,1
DA:216,1
DA:220,1
DA:221,1
LF:53
LH:25
end_of_record
SF:lib\whatever_controller.dart
DA:8,0
DA:10,0
DA:18,1
DA:20,2
LF:4
LH:2
end_of_record
